  [1m[35m (0.2ms)[0m  [1m[34mSELECT sqlite_version(*)[0m
  [1m[35m (116.3ms)[0m  [1m[35mCREATE TABLE "schema_migrations" ("version" varchar NOT NULL PRIMARY KEY)[0m
  [1m[35m (109.0ms)[0m  [1m[35mCREATE TABLE "ar_internal_metadata" ("key" varchar NOT NULL PRIMARY KEY, "value" varchar, "created_at" datetime NOT NULL, "updated_at" datetime NOT NULL)[0m
  [1m[35m (0.2ms)[0m  [1m[34mSELECT "schema_migrations"."version" FROM "schema_migrations" ORDER BY "schema_migrations"."version" ASC[0m
Migrating to DeviseCreateModels (20180103195406)
  [1m[35m (0.1ms)[0m  [1m[36mbegin transaction[0m
  [1m[35m (1.2ms)[0m  [1m[35mCREATE TABLE "models" ("id" INTEGER PRIMARY KEY AUTOINCREMENT NOT NULL, "email" varchar DEFAULT '' NOT NULL, "encrypted_password" varchar DEFAULT '' NOT NULL, "reset_password_token" varchar, "reset_password_sent_at" datetime, "remember_created_at" datetime, "sign_in_count" integer DEFAULT 0 NOT NULL, "current_sign_in_at" datetime, "last_sign_in_at" datetime, "current_sign_in_ip" varchar, "last_sign_in_ip" varchar, "created_at" datetime NOT NULL, "updated_at" datetime NOT NULL)[0m
  [1m[35m (15.6ms)[0m  [1m[35mCREATE UNIQUE INDEX "index_models_on_email" ON "models" ("email")[0m
  [1m[35m (0.1ms)[0m  [1m[34m            SELECT sql
            FROM sqlite_master
            WHERE name='index_models_on_email' AND type='index'
            UNION ALL
            SELECT sql
            FROM sqlite_temp_master
            WHERE name='index_models_on_email' AND type='index'
[0m
  [1m[35m (0.2ms)[0m  [1m[35mCREATE UNIQUE INDEX "index_models_on_reset_password_token" ON "models" ("reset_password_token")[0m
  [1m[35mSQL (0.3ms)[0m  [1m[32mINSERT INTO "schema_migrations" ("version") VALUES (?)[0m  [["version", "20180103195406"]]
  [1m[35m (109.2ms)[0m  [1m[36mcommit transaction[0m
Migrating to DeviseCreateUsers (20180103210550)
  [1m[35m (0.1ms)[0m  [1m[36mbegin transaction[0m
  [1m[35m (0.5ms)[0m  [1m[35mCREATE TABLE "users" ("id" INTEGER PRIMARY KEY AUTOINCREMENT NOT NULL, "email" varchar DEFAULT '' NOT NULL, "encrypted_password" varchar DEFAULT '' NOT NULL, "reset_password_token" varchar, "reset_password_sent_at" datetime, "remember_created_at" datetime, "sign_in_count" integer DEFAULT 0 NOT NULL, "current_sign_in_at" datetime, "last_sign_in_at" datetime, "current_sign_in_ip" varchar, "last_sign_in_ip" varchar, "created_at" datetime NOT NULL, "updated_at" datetime NOT NULL)[0m
  [1m[35m (0.2ms)[0m  [1m[35mCREATE UNIQUE INDEX "index_users_on_email" ON "users" ("email")[0m
  [1m[35m (0.1ms)[0m  [1m[34m            SELECT sql
            FROM sqlite_master
            WHERE name='index_users_on_email' AND type='index'
            UNION ALL
            SELECT sql
            FROM sqlite_temp_master
            WHERE name='index_users_on_email' AND type='index'
[0m
  [1m[35m (0.2ms)[0m  [1m[35mCREATE UNIQUE INDEX "index_users_on_reset_password_token" ON "users" ("reset_password_token")[0m
  [1m[35mSQL (0.1ms)[0m  [1m[32mINSERT INTO "schema_migrations" ("version") VALUES (?)[0m  [["version", "20180103210550"]]
  [1m[35m (103.8ms)[0m  [1m[36mcommit transaction[0m
  [1m[36mActiveRecord::InternalMetadata Load (0.3ms)[0m  [1m[34mSELECT  "ar_internal_metadata".* FROM "ar_internal_metadata" WHERE "ar_internal_metadata"."key" = ? LIMIT ?[0m  [["key", "environment"], ["LIMIT", 1]]
  [1m[35m (0.1ms)[0m  [1m[36mbegin transaction[0m
  [1m[35mSQL (0.5ms)[0m  [1m[32mINSERT INTO "ar_internal_metadata" ("key", "value", "created_at", "updated_at") VALUES (?, ?, ?, ?)[0m  [["key", "environment"], ["value", "development"], ["created_at", "2018-01-05 13:56:11.281812"], ["updated_at", "2018-01-05 13:56:11.281812"]]
  [1m[35m (53.7ms)[0m  [1m[36mcommit transaction[0m
  [1m[35m (0.2ms)[0m  [1m[34mSELECT "schema_migrations"."version" FROM "schema_migrations" ORDER BY "schema_migrations"."version" ASC[0m
  [1m[35m (0.1ms)[0m  [1m[34m            SELECT sql
            FROM sqlite_master
            WHERE name='index_models_on_reset_password_token' AND type='index'
            UNION ALL
            SELECT sql
            FROM sqlite_temp_master
            WHERE name='index_models_on_reset_password_token' AND type='index'
[0m
  [1m[35m (0.1ms)[0m  [1m[34m            SELECT sql
            FROM sqlite_master
            WHERE name='index_models_on_email' AND type='index'
            UNION ALL
            SELECT sql
            FROM sqlite_temp_master
            WHERE name='index_models_on_email' AND type='index'
[0m
  [1m[35m (0.1ms)[0m  [1m[34m            SELECT sql
            FROM sqlite_master
            WHERE name='index_users_on_reset_password_token' AND type='index'
            UNION ALL
            SELECT sql
            FROM sqlite_temp_master
            WHERE name='index_users_on_reset_password_token' AND type='index'
[0m
  [1m[35m (0.1ms)[0m  [1m[34m            SELECT sql
            FROM sqlite_master
            WHERE name='index_users_on_email' AND type='index'
            UNION ALL
            SELECT sql
            FROM sqlite_temp_master
            WHERE name='index_users_on_email' AND type='index'
[0m
Started GET "/" for 127.0.0.1 at 2018-01-05 15:56:50 +0200
  [1m[35m (0.2ms)[0m  [1m[34mSELECT "schema_migrations"."version" FROM "schema_migrations" ORDER BY "schema_migrations"."version" ASC[0m
Processing by VacationsController#index as HTML
  Rendering vacations/index.html.erb within layouts/application
  Rendered vacations/index.html.erb within layouts/application (5.4ms)
Completed 200 OK in 337ms (Views: 328.6ms | ActiveRecord: 0.0ms)


Started GET "/" for 127.0.0.1 at 2018-01-05 15:58:20 +0200
  [1m[35m (0.2ms)[0m  [1m[34mSELECT "schema_migrations"."version" FROM "schema_migrations" ORDER BY "schema_migrations"."version" ASC[0m
Processing by VacationsController#index as HTML
  Rendering vacations/index.html.erb within layouts/application
  Rendered vacations/index.html.erb within layouts/application (5.2ms)
Completed 200 OK in 201ms (Views: 191.9ms | ActiveRecord: 0.0ms)


Started GET "/" for 127.0.0.1 at 2018-01-05 15:58:41 +0200
Processing by VacationsController#index as HTML
  Rendering vacations/index.html.erb within layouts/application
  Rendered vacations/index.html.erb within layouts/application (1.1ms)
Completed 200 OK in 34ms (Views: 33.3ms | ActiveRecord: 0.0ms)


Started GET "/" for 127.0.0.1 at 2018-01-05 15:58:42 +0200
Processing by VacationsController#index as HTML
  Rendering vacations/index.html.erb within layouts/application
  Rendered vacations/index.html.erb within layouts/application (1.0ms)
Completed 200 OK in 78ms (Views: 76.9ms | ActiveRecord: 0.0ms)


Started GET "/" for 127.0.0.1 at 2018-01-05 15:58:59 +0200
Processing by VacationsController#index as HTML
  Rendering vacations/index.html.erb within layouts/application
  Rendered vacations/index.html.erb within layouts/application (1.1ms)
Completed 200 OK in 26ms (Views: 24.7ms | ActiveRecord: 0.0ms)


Started GET "/" for 127.0.0.1 at 2018-01-05 15:59:01 +0200
Processing by VacationsController#index as HTML
  Rendering vacations/index.html.erb within layouts/application
  Rendered vacations/index.html.erb within layouts/application (1.3ms)
Completed 200 OK in 24ms (Views: 22.7ms | ActiveRecord: 0.0ms)


Started GET "/" for 127.0.0.1 at 2018-01-05 16:03:54 +0200
  [1m[35m (0.2ms)[0m  [1m[34mSELECT "schema_migrations"."version" FROM "schema_migrations" ORDER BY "schema_migrations"."version" ASC[0m
Processing by VacationsController#index as HTML
  Rendering vacations/index.html.erb within layouts/application
  Rendered vacations/index.html.erb within layouts/application (5.3ms)
Completed 200 OK in 1435ms (Views: 1426.2ms | ActiveRecord: 0.0ms)


Started GET "/" for 127.0.0.1 at 2018-01-05 16:05:11 +0200
  [1m[35m (0.2ms)[0m  [1m[34mSELECT "schema_migrations"."version" FROM "schema_migrations" ORDER BY "schema_migrations"."version" ASC[0m
Processing by VacationsController#index as HTML
  Rendering vacations/index.html.erb within layouts/application
  Rendered vacations/index.html.erb within layouts/application (5.5ms)
Completed 200 OK in 595ms (Views: 586.4ms | ActiveRecord: 0.0ms)


Started GET "/" for 127.0.0.1 at 2018-01-05 16:05:29 +0200
Processing by VacationsController#index as HTML
  Rendering vacations/index.html.erb within layouts/application
  Rendered vacations/index.html.erb within layouts/application (1.1ms)
Completed 200 OK in 196ms (Views: 195.2ms | ActiveRecord: 0.0ms)


Started GET "/" for 127.0.0.1 at 2018-01-05 16:05:42 +0200
Processing by VacationsController#index as HTML
  Rendering vacations/index.html.erb within layouts/application
  Rendered vacations/index.html.erb within layouts/application (1.4ms)
Completed 200 OK in 87ms (Views: 86.3ms | ActiveRecord: 0.0ms)


Started GET "/" for 127.0.0.1 at 2018-01-05 16:06:17 +0200
Processing by VacationsController#index as HTML
  Rendering vacations/index.html.erb within layouts/application
  Rendered vacations/index.html.erb within layouts/application (1.0ms)
Completed 200 OK in 112ms (Views: 111.0ms | ActiveRecord: 0.0ms)


Started GET "/" for 127.0.0.1 at 2018-01-05 16:07:48 +0200
Processing by VacationsController#index as HTML
  Rendering vacations/index.html.erb within layouts/application
  Rendered vacations/index.html.erb within layouts/application (1.4ms)
Completed 200 OK in 35ms (Views: 34.0ms | ActiveRecord: 0.0ms)


Started GET "/" for 127.0.0.1 at 2018-01-05 16:08:30 +0200
Processing by VacationsController#index as HTML
  Rendering vacations/index.html.erb within layouts/application
  Rendered vacations/index.html.erb within layouts/application (0.9ms)
Completed 200 OK in 31ms (Views: 29.8ms | ActiveRecord: 0.0ms)


Started GET "/" for 127.0.0.1 at 2018-01-05 16:11:31 +0200
  [1m[35m (0.2ms)[0m  [1m[34mSELECT "schema_migrations"."version" FROM "schema_migrations" ORDER BY "schema_migrations"."version" ASC[0m
Processing by VacationsController#index as HTML
  Rendering vacations/index.html.erb within layouts/application
  Rendered vacations/index.html.erb within layouts/application (5.4ms)
Completed 200 OK in 626ms (Views: 617.4ms | ActiveRecord: 0.0ms)


Started GET "/" for 127.0.0.1 at 2018-01-05 16:11:35 +0200
Processing by VacationsController#index as HTML
  Rendering vacations/index.html.erb within layouts/application
  Rendered vacations/index.html.erb within layouts/application (1.1ms)
Completed 200 OK in 54ms (Views: 52.8ms | ActiveRecord: 0.0ms)


Started GET "/" for 127.0.0.1 at 2018-01-05 16:13:55 +0200
Processing by VacationsController#index as HTML
  Rendering vacations/index.html.erb within layouts/application
  Rendered vacations/index.html.erb within layouts/application (1.2ms)
Completed 200 OK in 58ms (Views: 57.0ms | ActiveRecord: 0.0ms)


  
ActionController::RoutingError (No route matches [GET] "/assets/bootstrap-sprockets"):
  
actionpack (5.1.4) lib/action_dispatch/middleware/debug_exceptions.rb:63:in `call'
web-console (3.5.1) lib/web_console/middleware.rb:135:in `call_app'
web-console (3.5.1) lib/web_console/middleware.rb:28:in `block in call'
web-console (3.5.1) lib/web_console/middleware.rb:18:in `catch'
web-console (3.5.1) lib/web_console/middleware.rb:18:in `call'
actionpack (5.1.4) lib/action_dispatch/middleware/show_exceptions.rb:31:in `call'
railties (5.1.4) lib/rails/rack/logger.rb:36:in `call_app'
railties (5.1.4) lib/rails/rack/logger.rb:24:in `block in call'
activesupport (5.1.4) lib/active_support/tagged_logging.rb:69:in `block in tagged'
activesupport (5.1.4) lib/active_support/tagged_logging.rb:26:in `tagged'
activesupport (5.1.4) lib/active_support/tagged_logging.rb:69:in `tagged'
railties (5.1.4) lib/rails/rack/logger.rb:24:in `call'
sprockets-rails (3.2.1) lib/sprockets/rails/quiet_assets.rb:11:in `block in call'
activesupport (5.1.4) lib/active_support/logger_silence.rb:20:in `silence'
activesupport (5.1.4) lib/active_support/logger.rb:63:in `block (3 levels) in broadcast'
activesupport (5.1.4) lib/active_support/logger_silence.rb:20:in `silence'
activesupport (5.1.4) lib/active_support/logger.rb:61:in `block (2 levels) in broadcast'
sprockets-rails (3.2.1) lib/sprockets/rails/quiet_assets.rb:11:in `call'
actionpack (5.1.4) lib/action_dispatch/middleware/remote_ip.rb:79:in `call'
actionpack (5.1.4) lib/action_dispatch/middleware/request_id.rb:25:in `call'
rack (2.0.3) lib/rack/method_override.rb:22:in `call'
rack (2.0.3) lib/rack/runtime.rb:22:in `call'
activesupport (5.1.4) lib/active_support/cache/strategy/local_cache_middleware.rb:27:in `call'
actionpack (5.1.4) lib/action_dispatch/middleware/executor.rb:12:in `call'
actionpack (5.1.4) lib/action_dispatch/middleware/static.rb:125:in `call'
rack (2.0.3) lib/rack/sendfile.rb:111:in `call'
railties (5.1.4) lib/rails/engine.rb:522:in `call'
puma (3.11.0) lib/puma/configuration.rb:225:in `call'
puma (3.11.0) lib/puma/server.rb:624:in `handle_request'
puma (3.11.0) lib/puma/server.rb:438:in `process_client'
puma (3.11.0) lib/puma/server.rb:302:in `block in run'
puma (3.11.0) lib/puma/thread_pool.rb:120:in `block in spawn_thread'
Started GET "/" for 127.0.0.1 at 2018-01-05 16:14:19 +0200
Processing by VacationsController#index as HTML
  Rendering vacations/index.html.erb within layouts/application
  Rendered vacations/index.html.erb within layouts/application (1.1ms)
Completed 200 OK in 50ms (Views: 48.7ms | ActiveRecord: 0.0ms)


Started GET "/" for 127.0.0.1 at 2018-01-05 16:14:50 +0200
Processing by VacationsController#index as HTML
  Rendering vacations/index.html.erb within layouts/application
  Rendered vacations/index.html.erb within layouts/application (1.3ms)
Completed 401 Unauthorized in 46ms (ActiveRecord: 0.0ms)


  
ActionView::Template::Error (Unrecognised input):
    4:     <title>Vacations</title>
    5:     <%= csrf_meta_tags %>
    6: 
    7:     <%= stylesheet_link_tag    'application', media: 'all', 'data-turbolinks-track': 'reload' %>
    8:     <%= javascript_include_tag 'application', 'data-turbolinks-track': 'reload' %>
    9:   </head>
   10: 
  
app/views/layouts/application.html.erb:7:in `_app_views_layouts_application_html_erb___3861859275646584944_69818831891140'
Started GET "/" for 127.0.0.1 at 2018-01-05 16:15:03 +0200
Processing by VacationsController#index as HTML
  Rendering vacations/index.html.erb within layouts/application
  Rendered vacations/index.html.erb within layouts/application (1.1ms)
Completed 200 OK in 57ms (Views: 55.6ms | ActiveRecord: 0.0ms)


Started GET "/" for 127.0.0.1 at 2018-01-05 16:16:36 +0200
Processing by VacationsController#index as HTML
  Rendering vacations/index.html.erb within layouts/application
  Rendered vacations/index.html.erb within layouts/application (3.5ms)
Completed 200 OK in 63ms (Views: 61.7ms | ActiveRecord: 0.0ms)


Started GET "/" for 127.0.0.1 at 2018-01-05 16:16:41 +0200
Processing by VacationsController#index as HTML
  Rendering vacations/index.html.erb within layouts/application
  Rendered vacations/index.html.erb within layouts/application (1.1ms)
Completed 200 OK in 84ms (Views: 83.0ms | ActiveRecord: 0.0ms)


Started GET "/" for 127.0.0.1 at 2018-01-05 16:17:38 +0200
Processing by VacationsController#index as HTML
  Rendering vacations/index.html.erb within layouts/application
  Rendered vacations/index.html.erb within layouts/application (1.2ms)
Completed 200 OK in 63ms (Views: 61.3ms | ActiveRecord: 0.0ms)


Started GET "/..." for 127.0.0.1 at 2018-01-05 16:17:38 +0200
  
ActionController::RoutingError (No route matches [GET] "/..."):
  
actionpack (5.1.4) lib/action_dispatch/middleware/debug_exceptions.rb:63:in `call'
web-console (3.5.1) lib/web_console/middleware.rb:135:in `call_app'
web-console (3.5.1) lib/web_console/middleware.rb:28:in `block in call'
web-console (3.5.1) lib/web_console/middleware.rb:18:in `catch'
web-console (3.5.1) lib/web_console/middleware.rb:18:in `call'
actionpack (5.1.4) lib/action_dispatch/middleware/show_exceptions.rb:31:in `call'
railties (5.1.4) lib/rails/rack/logger.rb:36:in `call_app'
railties (5.1.4) lib/rails/rack/logger.rb:24:in `block in call'
activesupport (5.1.4) lib/active_support/tagged_logging.rb:69:in `block in tagged'
activesupport (5.1.4) lib/active_support/tagged_logging.rb:26:in `tagged'
activesupport (5.1.4) lib/active_support/tagged_logging.rb:69:in `tagged'
railties (5.1.4) lib/rails/rack/logger.rb:24:in `call'
sprockets-rails (3.2.1) lib/sprockets/rails/quiet_assets.rb:13:in `call'
actionpack (5.1.4) lib/action_dispatch/middleware/remote_ip.rb:79:in `call'
actionpack (5.1.4) lib/action_dispatch/middleware/request_id.rb:25:in `call'
rack (2.0.3) lib/rack/method_override.rb:22:in `call'
rack (2.0.3) lib/rack/runtime.rb:22:in `call'
activesupport (5.1.4) lib/active_support/cache/strategy/local_cache_middleware.rb:27:in `call'
actionpack (5.1.4) lib/action_dispatch/middleware/executor.rb:12:in `call'
actionpack (5.1.4) lib/action_dispatch/middleware/static.rb:125:in `call'
rack (2.0.3) lib/rack/sendfile.rb:111:in `call'
railties (5.1.4) lib/rails/engine.rb:522:in `call'
puma (3.11.0) lib/puma/configuration.rb:225:in `call'
puma (3.11.0) lib/puma/server.rb:624:in `handle_request'
puma (3.11.0) lib/puma/server.rb:438:in `process_client'
puma (3.11.0) lib/puma/server.rb:302:in `block in run'
puma (3.11.0) lib/puma/thread_pool.rb:120:in `block in spawn_thread'
Started GET "/" for 127.0.0.1 at 2018-01-05 16:17:44 +0200
Processing by VacationsController#index as HTML
  Rendering vacations/index.html.erb within layouts/application
  Rendered vacations/index.html.erb within layouts/application (1.2ms)
Completed 200 OK in 52ms (Views: 51.0ms | ActiveRecord: 0.0ms)


Started GET "/..." for 127.0.0.1 at 2018-01-05 16:17:44 +0200
  
ActionController::RoutingError (No route matches [GET] "/..."):
  
actionpack (5.1.4) lib/action_dispatch/middleware/debug_exceptions.rb:63:in `call'
web-console (3.5.1) lib/web_console/middleware.rb:135:in `call_app'
web-console (3.5.1) lib/web_console/middleware.rb:28:in `block in call'
web-console (3.5.1) lib/web_console/middleware.rb:18:in `catch'
web-console (3.5.1) lib/web_console/middleware.rb:18:in `call'
actionpack (5.1.4) lib/action_dispatch/middleware/show_exceptions.rb:31:in `call'
railties (5.1.4) lib/rails/rack/logger.rb:36:in `call_app'
railties (5.1.4) lib/rails/rack/logger.rb:24:in `block in call'
activesupport (5.1.4) lib/active_support/tagged_logging.rb:69:in `block in tagged'
activesupport (5.1.4) lib/active_support/tagged_logging.rb:26:in `tagged'
activesupport (5.1.4) lib/active_support/tagged_logging.rb:69:in `tagged'
railties (5.1.4) lib/rails/rack/logger.rb:24:in `call'
sprockets-rails (3.2.1) lib/sprockets/rails/quiet_assets.rb:13:in `call'
actionpack (5.1.4) lib/action_dispatch/middleware/remote_ip.rb:79:in `call'
actionpack (5.1.4) lib/action_dispatch/middleware/request_id.rb:25:in `call'
rack (2.0.3) lib/rack/method_override.rb:22:in `call'
rack (2.0.3) lib/rack/runtime.rb:22:in `call'
activesupport (5.1.4) lib/active_support/cache/strategy/local_cache_middleware.rb:27:in `call'
actionpack (5.1.4) lib/action_dispatch/middleware/executor.rb:12:in `call'
actionpack (5.1.4) lib/action_dispatch/middleware/static.rb:125:in `call'
rack (2.0.3) lib/rack/sendfile.rb:111:in `call'
railties (5.1.4) lib/rails/engine.rb:522:in `call'
puma (3.11.0) lib/puma/configuration.rb:225:in `call'
puma (3.11.0) lib/puma/server.rb:624:in `handle_request'
puma (3.11.0) lib/puma/server.rb:438:in `process_client'
puma (3.11.0) lib/puma/server.rb:302:in `block in run'
puma (3.11.0) lib/puma/thread_pool.rb:120:in `block in spawn_thread'
Started GET "/" for 127.0.0.1 at 2018-01-05 16:17:47 +0200
Processing by VacationsController#index as HTML
  Rendering vacations/index.html.erb within layouts/application
  Rendered vacations/index.html.erb within layouts/application (1.0ms)
Completed 200 OK in 85ms (Views: 84.1ms | ActiveRecord: 0.0ms)


Started GET "/..." for 127.0.0.1 at 2018-01-05 16:17:47 +0200
  
ActionController::RoutingError (No route matches [GET] "/..."):
  
actionpack (5.1.4) lib/action_dispatch/middleware/debug_exceptions.rb:63:in `call'
web-console (3.5.1) lib/web_console/middleware.rb:135:in `call_app'
web-console (3.5.1) lib/web_console/middleware.rb:28:in `block in call'
web-console (3.5.1) lib/web_console/middleware.rb:18:in `catch'
web-console (3.5.1) lib/web_console/middleware.rb:18:in `call'
actionpack (5.1.4) lib/action_dispatch/middleware/show_exceptions.rb:31:in `call'
railties (5.1.4) lib/rails/rack/logger.rb:36:in `call_app'
railties (5.1.4) lib/rails/rack/logger.rb:24:in `block in call'
activesupport (5.1.4) lib/active_support/tagged_logging.rb:69:in `block in tagged'
activesupport (5.1.4) lib/active_support/tagged_logging.rb:26:in `tagged'
activesupport (5.1.4) lib/active_support/tagged_logging.rb:69:in `tagged'
railties (5.1.4) lib/rails/rack/logger.rb:24:in `call'
sprockets-rails (3.2.1) lib/sprockets/rails/quiet_assets.rb:13:in `call'
actionpack (5.1.4) lib/action_dispatch/middleware/remote_ip.rb:79:in `call'
actionpack (5.1.4) lib/action_dispatch/middleware/request_id.rb:25:in `call'
rack (2.0.3) lib/rack/method_override.rb:22:in `call'
rack (2.0.3) lib/rack/runtime.rb:22:in `call'
activesupport (5.1.4) lib/active_support/cache/strategy/local_cache_middleware.rb:27:in `call'
actionpack (5.1.4) lib/action_dispatch/middleware/executor.rb:12:in `call'
actionpack (5.1.4) lib/action_dispatch/middleware/static.rb:125:in `call'
rack (2.0.3) lib/rack/sendfile.rb:111:in `call'
railties (5.1.4) lib/rails/engine.rb:522:in `call'
puma (3.11.0) lib/puma/configuration.rb:225:in `call'
puma (3.11.0) lib/puma/server.rb:624:in `handle_request'
puma (3.11.0) lib/puma/server.rb:438:in `process_client'
puma (3.11.0) lib/puma/server.rb:302:in `block in run'
puma (3.11.0) lib/puma/thread_pool.rb:120:in `block in spawn_thread'
Started GET "/" for 127.0.0.1 at 2018-01-05 16:18:11 +0200
Processing by VacationsController#index as HTML
  Rendering vacations/index.html.erb within layouts/application
  Rendered vacations/index.html.erb within layouts/application (1.2ms)
Completed 200 OK in 64ms (Views: 62.7ms | ActiveRecord: 0.0ms)


Started GET "/" for 127.0.0.1 at 2018-01-05 16:18:51 +0200
Processing by VacationsController#index as HTML
  Rendering vacations/index.html.erb within layouts/application
  Rendered vacations/index.html.erb within layouts/application (1.1ms)
Completed 200 OK in 62ms (Views: 60.5ms | ActiveRecord: 0.0ms)


Started GET "/" for 127.0.0.1 at 2018-01-05 16:19:32 +0200
Processing by VacationsController#index as HTML
  Rendering vacations/index.html.erb within layouts/application
  Rendered vacations/index.html.erb within layouts/application (1.2ms)
Completed 200 OK in 60ms (Views: 58.4ms | ActiveRecord: 0.0ms)


Started GET "/" for 127.0.0.1 at 2018-01-05 16:19:50 +0200
Processing by VacationsController#index as HTML
  Rendering vacations/index.html.erb within layouts/application
  Rendered vacations/index.html.erb within layouts/application (1.9ms)
Completed 200 OK in 60ms (Views: 58.5ms | ActiveRecord: 0.0ms)


Started GET "/" for 127.0.0.1 at 2018-01-05 16:20:26 +0200
Processing by VacationsController#index as HTML
  Rendering vacations/index.html.erb within layouts/application
  Rendered vacations/index.html.erb within layouts/application (1.2ms)
Completed 200 OK in 74ms (Views: 72.9ms | ActiveRecord: 0.0ms)


Started GET "/users/sign_in" for 127.0.0.1 at 2018-01-05 16:20:29 +0200
Processing by Devise::SessionsController#new as HTML
  Rendering devise/sessions/new.html.erb within layouts/application
  Rendered devise/shared/_links.html.erb (1.3ms)
  Rendered devise/sessions/new.html.erb within layouts/application (126.8ms)
Completed 200 OK in 209ms (Views: 171.6ms | ActiveRecord: 1.0ms)


Started GET "/" for 127.0.0.1 at 2018-01-05 16:20:53 +0200
Processing by VacationsController#index as HTML
  Rendering vacations/index.html.erb within layouts/application
  Rendered vacations/index.html.erb within layouts/application (1.2ms)
Completed 200 OK in 55ms (Views: 53.7ms | ActiveRecord: 0.0ms)


Started GET "/" for 127.0.0.1 at 2018-01-05 16:22:20 +0200
Processing by VacationsController#index as HTML
  Rendering vacations/index.html.erb within layouts/application
  Rendered vacations/index.html.erb within layouts/application (5.7ms)
Completed 200 OK in 53ms (Views: 51.4ms | ActiveRecord: 0.0ms)


Started GET "/users/sign_in" for 127.0.0.1 at 2018-01-05 16:22:23 +0200
Processing by Devise::SessionsController#new as HTML
  Rendering devise/sessions/new.html.erb within layouts/application
  Rendered devise/shared/_links.html.erb (1.9ms)
  Rendered devise/sessions/new.html.erb within layouts/application (6.9ms)
Completed 200 OK in 102ms (Views: 100.9ms | ActiveRecord: 0.0ms)


Started GET "/" for 127.0.0.1 at 2018-01-05 16:23:00 +0200
Processing by VacationsController#index as HTML
  Rendering vacations/index.html.erb within layouts/application
  Rendered vacations/index.html.erb within layouts/application (1.3ms)
Completed 200 OK in 1060ms (Views: 1059.1ms | ActiveRecord: 0.0ms)


Started GET "/" for 127.0.0.1 at 2018-01-05 16:23:29 +0200
Processing by VacationsController#index as HTML
  Rendering vacations/index.html.erb within layouts/application
  Rendered vacations/index.html.erb within layouts/application (5.6ms)
Completed 200 OK in 846ms (Views: 845.0ms | ActiveRecord: 0.0ms)


Started GET "/" for 127.0.0.1 at 2018-01-05 16:23:32 +0200
Processing by VacationsController#index as HTML
  Rendering vacations/index.html.erb within layouts/application
  Rendered vacations/index.html.erb within layouts/application (1.2ms)
Completed 200 OK in 58ms (Views: 56.6ms | ActiveRecord: 0.0ms)


Started GET "/" for 127.0.0.1 at 2018-01-05 16:24:04 +0200
Processing by VacationsController#index as HTML
  Rendering vacations/index.html.erb within layouts/application
  Rendered vacations/index.html.erb within layouts/application (1.0ms)
Completed 200 OK in 164ms (Views: 162.3ms | ActiveRecord: 0.0ms)


Started GET "/" for 127.0.0.1 at 2018-01-05 16:24:43 +0200
Processing by VacationsController#index as HTML
  Rendering vacations/index.html.erb within layouts/application
  Rendered vacations/index.html.erb within layouts/application (1.3ms)
Completed 200 OK in 70ms (Views: 68.6ms | ActiveRecord: 0.0ms)


Started GET "/" for 127.0.0.1 at 2018-01-05 16:24:57 +0200
Processing by VacationsController#index as HTML
  Rendering vacations/index.html.erb within layouts/application
  Rendered vacations/index.html.erb within layouts/application (1.2ms)
Completed 200 OK in 77ms (Views: 76.2ms | ActiveRecord: 0.0ms)


Started GET "/" for 127.0.0.1 at 2018-01-05 16:26:03 +0200
Processing by VacationsController#index as HTML
  Rendering vacations/index.html.erb within layouts/application
  Rendered vacations/index.html.erb within layouts/application (1.1ms)
Completed 200 OK in 124ms (Views: 122.5ms | ActiveRecord: 0.0ms)


Started GET "/" for 127.0.0.1 at 2018-01-05 16:26:26 +0200
Processing by VacationsController#index as HTML
  Rendering vacations/index.html.erb within layouts/application
  Rendered vacations/index.html.erb within layouts/application (1.1ms)
Completed 200 OK in 88ms (Views: 86.5ms | ActiveRecord: 0.0ms)


Started GET "/" for 127.0.0.1 at 2018-01-05 16:28:57 +0200
Processing by VacationsController#index as HTML
  Rendering vacations/index.html.erb within layouts/application
  Rendered vacations/index.html.erb within layouts/application (1.1ms)
Completed 200 OK in 98ms (Views: 96.8ms | ActiveRecord: 0.0ms)


Started GET "/users/sign_in" for 127.0.0.1 at 2018-01-05 16:29:01 +0200
Processing by Devise::SessionsController#new as HTML
  Rendering devise/sessions/new.html.erb within layouts/application
  Rendered devise/shared/_links.html.erb (1.2ms)
  Rendered devise/sessions/new.html.erb within layouts/application (4.7ms)
Completed 200 OK in 72ms (Views: 70.5ms | ActiveRecord: 0.0ms)


Started POST "/users/sign_in" for 127.0.0.1 at 2018-01-05 16:29:03 +0200
Processing by Devise::SessionsController#create as HTML
  Parameters: {"utf8"=>"✓", "authenticity_token"=>"mS5krwprNyB2ishktLlORwz78vdCT4vrvr+EuCvQuKBw+cR2V+jWdXIyZvjNM/thpnc9N4fhtnrcnqTXBKAwug==", "user"=>{"email"=>"liwermon@gmail.com", "password"=>"[FILTERED]", "remember_me"=>"0"}, "commit"=>"Log in"}
  [1m[36mUser Load (0.4ms)[0m  [1m[34mSELECT  "users".* FROM "users" WHERE "users"."email" = ? ORDER BY "users"."id" ASC LIMIT ?[0m  [["email", "liwermon@gmail.com"], ["LIMIT", 1]]
Completed 401 Unauthorized in 20ms (ActiveRecord: 0.4ms)


Processing by Devise::SessionsController#new as HTML
  Parameters: {"utf8"=>"✓", "authenticity_token"=>"mS5krwprNyB2ishktLlORwz78vdCT4vrvr+EuCvQuKBw+cR2V+jWdXIyZvjNM/thpnc9N4fhtnrcnqTXBKAwug==", "user"=>{"email"=>"liwermon@gmail.com", "password"=>"[FILTERED]", "remember_me"=>"0"}, "commit"=>"Log in"}
  Rendering devise/sessions/new.html.erb within layouts/application
  Rendered devise/shared/_links.html.erb (1.2ms)
  Rendered devise/sessions/new.html.erb within layouts/application (4.7ms)
Completed 200 OK in 223ms (Views: 47.1ms | ActiveRecord: 0.0ms)


Started GET "/users/sign_in" for 127.0.0.1 at 2018-01-05 16:29:50 +0200
  
SyntaxError (/home/li/projects/rails projects/vacations/app/models/user.rb:5: syntax error, unexpected ',', expecting keyword_end
         :recoverable, :rememberable, :trackable, :...
                     ^):
  
app/models/user.rb:5: syntax error, unexpected ',', expecting keyword_end
config/routes.rb:2:in `block in <top (required)>'
config/routes.rb:1:in `<top (required)>'
Started GET "/users/sign_in" for 127.0.0.1 at 2018-01-05 16:29:57 +0200
  
NameError (uninitialized constant Devise::Models::Registrable):
  
app/models/user.rb:4:in `<class:User>'
app/models/user.rb:1:in `<top (required)>'
config/routes.rb:2:in `block in <top (required)>'
config/routes.rb:1:in `<top (required)>'
Started GET "/users/sign_in" for 127.0.0.1 at 2018-01-05 16:30:38 +0200
Processing by Devise::SessionsController#new as HTML
  Rendering devise/sessions/new.html.erb within layouts/application
  Rendered devise/shared/_links.html.erb (1.4ms)
  Rendered devise/sessions/new.html.erb within layouts/application (5.3ms)
Completed 200 OK in 84ms (Views: 63.6ms | ActiveRecord: 1.3ms)


Started GET "/users/sign_up" for 127.0.0.1 at 2018-01-05 16:30:41 +0200
Processing by Devise::RegistrationsController#new as HTML
  Rendering devise/registrations/new.html.erb within layouts/application
  Rendered devise/shared/_links.html.erb (1.5ms)
  Rendered devise/registrations/new.html.erb within layouts/application (7.6ms)
Completed 200 OK in 82ms (Views: 80.5ms | ActiveRecord: 0.0ms)


Started POST "/users" for 127.0.0.1 at 2018-01-05 16:30:55 +0200
Processing by Devise::RegistrationsController#create as HTML
  Parameters: {"utf8"=>"✓", "authenticity_token"=>"fgQKbIvl98g9rleRvPp8SuXhRjJI5WhMikZHRWAF8zc7DCBRGKSs+xYgOtd7KZGunsdM9Tdvx/vcsRfHsRVUxw==", "user"=>{"email"=>"liwermon@gmail.com", "password"=>"[FILTERED]", "password_confirmation"=>"[FILTERED]"}, "commit"=>"Sign up"}
  [1m[35m (0.1ms)[0m  [1m[36mbegin transaction[0m
  [1m[36mUser Exists (0.3ms)[0m  [1m[34mSELECT  1 AS one FROM "users" WHERE "users"."email" = ? LIMIT ?[0m  [["email", "liwermon@gmail.com"], ["LIMIT", 1]]
  [1m[35m (0.1ms)[0m  [1m[31mrollback transaction[0m
  Rendering devise/registrations/new.html.erb within layouts/application
  Rendered devise/shared/_links.html.erb (1.2ms)
  Rendered devise/registrations/new.html.erb within layouts/application (4.9ms)
Completed 200 OK in 325ms (Views: 52.0ms | ActiveRecord: 0.4ms)


Started POST "/users" for 127.0.0.1 at 2018-01-05 16:31:03 +0200
Processing by Devise::RegistrationsController#create as HTML
  Parameters: {"utf8"=>"✓", "authenticity_token"=>"W0m2WElTrmGXQI4cJF7g/QFFSvoKc781cPY7oODMNOVIfi08FJSpbnkHTAGHDvS2qwpeVwzJaX9Hl5LC/s236Q==", "user"=>{"email"=>"liwermon@gmail.com", "password"=>"[FILTERED]", "password_confirmation"=>"[FILTERED]"}, "commit"=>"Sign up"}
  [1m[35m (0.1ms)[0m  [1m[36mbegin transaction[0m
  [1m[36mUser Exists (0.2ms)[0m  [1m[34mSELECT  1 AS one FROM "users" WHERE "users"."email" = ? LIMIT ?[0m  [["email", "liwermon@gmail.com"], ["LIMIT", 1]]
  [1m[35mSQL (1.0ms)[0m  [1m[32mINSERT INTO "users" ("email", "encrypted_password", "created_at", "updated_at") VALUES (?, ?, ?, ?)[0m  [["email", "liwermon@gmail.com"], ["encrypted_password", "$2a$11$2SrSZWY0a.XSWuNjPRP4MuD4cPywRfWE9724sPS6ZX5.3JKwBwpd."], ["created_at", "2018-01-05 14:31:03.516241"], ["updated_at", "2018-01-05 14:31:03.516241"]]
  [1m[35m (95.9ms)[0m  [1m[36mcommit transaction[0m
  [1m[35m (0.1ms)[0m  [1m[36mbegin transaction[0m
  [1m[35mSQL (0.4ms)[0m  [1m[33mUPDATE "users" SET "sign_in_count" = ?, "current_sign_in_at" = ?, "last_sign_in_at" = ?, "current_sign_in_ip" = ?, "last_sign_in_ip" = ?, "updated_at" = ? WHERE "users"."id" = ?[0m  [["sign_in_count", 1], ["current_sign_in_at", "2018-01-05 14:31:03.616161"], ["last_sign_in_at", "2018-01-05 14:31:03.616161"], ["current_sign_in_ip", "127.0.0.1"], ["last_sign_in_ip", "127.0.0.1"], ["updated_at", "2018-01-05 14:31:03.617299"], ["id", 1]]
  [1m[35m (60.7ms)[0m  [1m[36mcommit transaction[0m
Redirected to http://localhost:3000/
Completed 302 Found in 355ms (ActiveRecord: 158.4ms)


Started GET "/" for 127.0.0.1 at 2018-01-05 16:31:03 +0200
Processing by VacationsController#index as HTML
  Rendering vacations/index.html.erb within layouts/application
  [1m[36mUser Load (0.4ms)[0m  [1m[34mSELECT  "users".* FROM "users" WHERE "users"."id" = ? ORDER BY "users"."id" ASC LIMIT ?[0m  [["id", 1], ["LIMIT", 1]]
  Rendered vacations/index.html.erb within layouts/application (28.8ms)
Completed 200 OK in 81ms (Views: 79.4ms | ActiveRecord: 0.4ms)


Started GET "/" for 127.0.0.1 at 2018-01-05 16:31:48 +0200
Processing by VacationsController#index as HTML
  Rendering vacations/index.html.erb within layouts/application
  [1m[36mUser Load (0.3ms)[0m  [1m[34mSELECT  "users".* FROM "users" WHERE "users"."id" = ? ORDER BY "users"."id" ASC LIMIT ?[0m  [["id", 1], ["LIMIT", 1]]
  Rendered vacations/index.html.erb within layouts/application (3.7ms)
Completed 401 Unauthorized in 7ms (ActiveRecord: 0.3ms)


  
SystemExit (#<User id: 1, email: "liwermon@gmail.com", created_at: "2018-01-05 14:31:03", updated_at: "2018-01-05 14:31:03">):
  
app/views/vacations/index.html.erb:9:in `abort'
app/views/vacations/index.html.erb:9:in `_app_views_vacations_index_html_erb___2782459159973572898_69818827409420'
Started GET "/" for 127.0.0.1 at 2018-01-05 16:32:17 +0200
Processing by VacationsController#index as HTML
  Rendering vacations/index.html.erb within layouts/application
  [1m[36mUser Load (4.4ms)[0m  [1m[34mSELECT  "users".* FROM "users" WHERE "users"."id" = ? ORDER BY "users"."id" ASC LIMIT ?[0m  [["id", 1], ["LIMIT", 1]]
  Rendered vacations/index.html.erb within layouts/application (6.9ms)
Completed 401 Unauthorized in 10ms (ActiveRecord: 4.4ms)


  
SystemExit ("liwermon@gmail.com"):
  
app/views/vacations/index.html.erb:9:in `abort'
app/views/vacations/index.html.erb:9:in `_app_views_vacations_index_html_erb___2782459159973572898_69818719955540'
Started GET "/" for 127.0.0.1 at 2018-01-05 16:32:27 +0200
Processing by VacationsController#index as HTML
  Rendering vacations/index.html.erb within layouts/application
  [1m[36mUser Load (0.3ms)[0m  [1m[34mSELECT  "users".* FROM "users" WHERE "users"."id" = ? ORDER BY "users"."id" ASC LIMIT ?[0m  [["id", 1], ["LIMIT", 1]]
  Rendered vacations/index.html.erb within layouts/application (6.3ms)
Completed 200 OK in 74ms (Views: 72.2ms | ActiveRecord: 0.3ms)


Started GET "/" for 127.0.0.1 at 2018-01-05 16:33:14 +0200
Processing by VacationsController#index as HTML
  Rendering vacations/index.html.erb within layouts/application
  [1m[36mUser Load (0.3ms)[0m  [1m[34mSELECT  "users".* FROM "users" WHERE "users"."id" = ? ORDER BY "users"."id" ASC LIMIT ?[0m  [["id", 1], ["LIMIT", 1]]
  Rendered vacations/index.html.erb within layouts/application (2.6ms)
Completed 200 OK in 51ms (Views: 49.9ms | ActiveRecord: 0.3ms)


Started GET "/" for 127.0.0.1 at 2018-01-05 16:33:59 +0200
Processing by VacationsController#index as HTML
  Rendering vacations/index.html.erb within layouts/application
  [1m[36mUser Load (0.3ms)[0m  [1m[34mSELECT  "users".* FROM "users" WHERE "users"."id" = ? ORDER BY "users"."id" ASC LIMIT ?[0m  [["id", 1], ["LIMIT", 1]]
  Rendered vacations/index.html.erb within layouts/application (2.5ms)
Completed 200 OK in 50ms (Views: 48.2ms | ActiveRecord: 0.3ms)


Started GET "/" for 127.0.0.1 at 2018-01-05 16:34:39 +0200
Processing by VacationsController#index as HTML
  Rendering vacations/index.html.erb within layouts/application
  [1m[36mUser Load (0.3ms)[0m  [1m[34mSELECT  "users".* FROM "users" WHERE "users"."id" = ? ORDER BY "users"."id" ASC LIMIT ?[0m  [["id", 1], ["LIMIT", 1]]
  Rendered vacations/index.html.erb within layouts/application (2.4ms)
Completed 200 OK in 54ms (Views: 52.8ms | ActiveRecord: 0.3ms)


Started GET "/" for 127.0.0.1 at 2018-01-05 16:39:28 +0200
Processing by VacationsController#index as HTML
  Rendering vacations/index.html.erb within layouts/application
  [1m[36mUser Load (1.4ms)[0m  [1m[34mSELECT  "users".* FROM "users" WHERE "users"."id" = ? ORDER BY "users"."id" ASC LIMIT ?[0m  [["id", 1], ["LIMIT", 1]]
  Rendered vacations/index.html.erb within layouts/application (3.8ms)
Completed 200 OK in 77ms (Views: 74.2ms | ActiveRecord: 1.4ms)


Started GET "/" for 127.0.0.1 at 2018-01-05 16:39:58 +0200
Processing by VacationsController#index as HTML
  Rendering vacations/index.html.erb within layouts/application
  [1m[36mUser Load (0.3ms)[0m  [1m[34mSELECT  "users".* FROM "users" WHERE "users"."id" = ? ORDER BY "users"."id" ASC LIMIT ?[0m  [["id", 1], ["LIMIT", 1]]
  Rendered vacations/index.html.erb within layouts/application (2.9ms)
Completed 200 OK in 52ms (Views: 50.8ms | ActiveRecord: 0.3ms)


Started GET "/" for 127.0.0.1 at 2018-01-05 16:41:30 +0200
Processing by VacationsController#index as HTML
  Rendering vacations/index.html.erb within layouts/application
  [1m[36mUser Load (0.3ms)[0m  [1m[34mSELECT  "users".* FROM "users" WHERE "users"."id" = ? ORDER BY "users"."id" ASC LIMIT ?[0m  [["id", 1], ["LIMIT", 1]]
  Rendered vacations/index.html.erb within layouts/application (4.0ms)
Completed 200 OK in 51ms (Views: 49.6ms | ActiveRecord: 0.3ms)


Started GET "/" for 127.0.0.1 at 2018-01-05 16:42:35 +0200
Processing by VacationsController#index as HTML
  Rendering vacations/index.html.erb within layouts/application
  [1m[36mUser Load (0.4ms)[0m  [1m[34mSELECT  "users".* FROM "users" WHERE "users"."id" = ? ORDER BY "users"."id" ASC LIMIT ?[0m  [["id", 1], ["LIMIT", 1]]
  Rendered vacations/index.html.erb within layouts/application (2.7ms)
Completed 200 OK in 57ms (Views: 55.4ms | ActiveRecord: 0.4ms)


Started GET "/" for 127.0.0.1 at 2018-01-05 16:45:20 +0200
Processing by VacationsController#index as HTML
  Rendering vacations/index.html.erb within layouts/application
  [1m[36mUser Load (0.3ms)[0m  [1m[34mSELECT  "users".* FROM "users" WHERE "users"."id" = ? ORDER BY "users"."id" ASC LIMIT ?[0m  [["id", 1], ["LIMIT", 1]]
  Rendered vacations/index.html.erb within layouts/application (2.4ms)
Completed 200 OK in 68ms (Views: 66.6ms | ActiveRecord: 0.3ms)


Started GET "/" for 127.0.0.1 at 2018-01-05 16:49:52 +0200
Processing by VacationsController#index as HTML
  Rendering vacations/index.html.erb within layouts/application
  [1m[36mUser Load (0.3ms)[0m  [1m[34mSELECT  "users".* FROM "users" WHERE "users"."id" = ? ORDER BY "users"."id" ASC LIMIT ?[0m  [["id", 1], ["LIMIT", 1]]
  Rendered vacations/index.html.erb within layouts/application (2.2ms)
Completed 200 OK in 57ms (Views: 55.4ms | ActiveRecord: 0.3ms)


Started GET "/" for 127.0.0.1 at 2018-01-05 16:50:10 +0200
Processing by VacationsController#index as HTML
  Rendering vacations/index.html.erb within layouts/application
  [1m[36mUser Load (0.3ms)[0m  [1m[34mSELECT  "users".* FROM "users" WHERE "users"."id" = ? ORDER BY "users"."id" ASC LIMIT ?[0m  [["id", 1], ["LIMIT", 1]]
  Rendered vacations/index.html.erb within layouts/application (2.5ms)
Completed 200 OK in 52ms (Views: 50.8ms | ActiveRecord: 0.3ms)


Started GET "/" for 127.0.0.1 at 2018-01-05 16:50:17 +0200
Processing by VacationsController#index as HTML
  Rendering vacations/index.html.erb within layouts/application
  [1m[36mUser Load (0.3ms)[0m  [1m[34mSELECT  "users".* FROM "users" WHERE "users"."id" = ? ORDER BY "users"."id" ASC LIMIT ?[0m  [["id", 1], ["LIMIT", 1]]
  Rendered vacations/index.html.erb within layouts/application (2.6ms)
Completed 200 OK in 54ms (Views: 53.0ms | ActiveRecord: 0.3ms)


Started GET "/" for 127.0.0.1 at 2018-01-05 16:50:38 +0200
Processing by VacationsController#index as HTML
  Rendering vacations/index.html.erb within layouts/application
  [1m[36mUser Load (0.3ms)[0m  [1m[34mSELECT  "users".* FROM "users" WHERE "users"."id" = ? ORDER BY "users"."id" ASC LIMIT ?[0m  [["id", 1], ["LIMIT", 1]]
  Rendered vacations/index.html.erb within layouts/application (2.5ms)
Completed 200 OK in 71ms (Views: 69.2ms | ActiveRecord: 0.3ms)


Started GET "/" for 127.0.0.1 at 2018-01-05 16:50:39 +0200
Processing by VacationsController#index as HTML
  Rendering vacations/index.html.erb within layouts/application
  [1m[36mUser Load (0.3ms)[0m  [1m[34mSELECT  "users".* FROM "users" WHERE "users"."id" = ? ORDER BY "users"."id" ASC LIMIT ?[0m  [["id", 1], ["LIMIT", 1]]
  Rendered vacations/index.html.erb within layouts/application (8.4ms)
Completed 200 OK in 62ms (Views: 60.6ms | ActiveRecord: 0.3ms)


Started GET "/" for 127.0.0.1 at 2018-01-05 16:50:40 +0200
Processing by VacationsController#index as HTML
  Rendering vacations/index.html.erb within layouts/application
  [1m[36mUser Load (0.3ms)[0m  [1m[34mSELECT  "users".* FROM "users" WHERE "users"."id" = ? ORDER BY "users"."id" ASC LIMIT ?[0m  [["id", 1], ["LIMIT", 1]]
  Rendered vacations/index.html.erb within layouts/application (2.4ms)
Completed 200 OK in 48ms (Views: 46.2ms | ActiveRecord: 0.3ms)


Started GET "/" for 127.0.0.1 at 2018-01-05 16:51:59 +0200
Processing by VacationsController#index as HTML
  Rendering vacations/index.html.erb within layouts/application
  [1m[36mUser Load (0.4ms)[0m  [1m[34mSELECT  "users".* FROM "users" WHERE "users"."id" = ? ORDER BY "users"."id" ASC LIMIT ?[0m  [["id", 1], ["LIMIT", 1]]
  Rendered vacations/index.html.erb within layouts/application (3.1ms)
Completed 200 OK in 54ms (Views: 52.3ms | ActiveRecord: 0.4ms)


Started GET "/" for 127.0.0.1 at 2018-01-05 16:52:14 +0200
Processing by VacationsController#index as HTML
  Rendering vacations/index.html.erb within layouts/application
  [1m[36mUser Load (0.3ms)[0m  [1m[34mSELECT  "users".* FROM "users" WHERE "users"."id" = ? ORDER BY "users"."id" ASC LIMIT ?[0m  [["id", 1], ["LIMIT", 1]]
  Rendered vacations/index.html.erb within layouts/application (2.4ms)
Completed 200 OK in 60ms (Views: 58.9ms | ActiveRecord: 0.3ms)


Started GET "/" for 127.0.0.1 at 2018-01-05 16:52:59 +0200
Processing by VacationsController#index as HTML
  Rendering vacations/index.html.erb within layouts/application
  [1m[36mUser Load (0.3ms)[0m  [1m[34mSELECT  "users".* FROM "users" WHERE "users"."id" = ? ORDER BY "users"."id" ASC LIMIT ?[0m  [["id", 1], ["LIMIT", 1]]
  Rendered vacations/index.html.erb within layouts/application (3.6ms)
Completed 200 OK in 70ms (Views: 68.2ms | ActiveRecord: 0.3ms)


Started GET "/" for 127.0.0.1 at 2018-01-05 16:53:24 +0200
Processing by VacationsController#index as HTML
  Rendering vacations/index.html.erb within layouts/application
  [1m[36mUser Load (0.3ms)[0m  [1m[34mSELECT  "users".* FROM "users" WHERE "users"."id" = ? ORDER BY "users"."id" ASC LIMIT ?[0m  [["id", 1], ["LIMIT", 1]]
  Rendered vacations/index.html.erb within layouts/application (3.7ms)
Completed 200 OK in 55ms (Views: 53.5ms | ActiveRecord: 0.3ms)


Started GET "/" for 127.0.0.1 at 2018-01-05 16:54:07 +0200
Processing by VacationsController#index as HTML
  Rendering vacations/index.html.erb within layouts/application
  [1m[36mUser Load (0.3ms)[0m  [1m[34mSELECT  "users".* FROM "users" WHERE "users"."id" = ? ORDER BY "users"."id" ASC LIMIT ?[0m  [["id", 1], ["LIMIT", 1]]
  Rendered vacations/index.html.erb within layouts/application (2.3ms)
Completed 200 OK in 53ms (Views: 51.4ms | ActiveRecord: 0.3ms)


Started DELETE "/users/sign_out" for 127.0.0.1 at 2018-01-05 16:54:10 +0200
Processing by Devise::SessionsController#destroy as HTML
  Parameters: {"authenticity_token"=>"X7En54VPc3Rh+2AYD0Vfnk+s67Qq+Ve7qTmmJhQfibdMhryD2Ih0e4+8ogWsFUvV5eP/GSxDgfGeWA9ECh4Kuw=="}
  [1m[36mUser Load (0.3ms)[0m  [1m[34mSELECT  "users".* FROM "users" WHERE "users"."id" = ? ORDER BY "users"."id" ASC LIMIT ?[0m  [["id", 1], ["LIMIT", 1]]
  [1m[35m (0.1ms)[0m  [1m[36mbegin transaction[0m
  [1m[35m (0.1ms)[0m  [1m[36mcommit transaction[0m
Redirected to http://localhost:3000/
Completed 302 Found in 76ms (ActiveRecord: 0.5ms)


Started GET "/" for 127.0.0.1 at 2018-01-05 16:54:10 +0200
Processing by VacationsController#index as HTML
  Rendering vacations/index.html.erb within layouts/application
  Rendered vacations/index.html.erb within layouts/application (1.1ms)
Completed 200 OK in 55ms (Views: 53.9ms | ActiveRecord: 0.0ms)


Started GET "/" for 127.0.0.1 at 2018-01-05 16:56:51 +0200
Processing by VacationsController#index as HTML
  Rendering vacations/index.html.erb within layouts/application
  Rendered vacations/index.html.erb within layouts/application (1.1ms)
Completed 200 OK in 144ms (Views: 143.3ms | ActiveRecord: 0.0ms)


Started GET "/" for 127.0.0.1 at 2018-01-05 16:57:01 +0200
Processing by VacationsController#index as HTML
  Rendering vacations/index.html.erb within layouts/application
  Rendered vacations/index.html.erb within layouts/application (1.1ms)
Completed 200 OK in 129ms (Views: 127.5ms | ActiveRecord: 0.0ms)


Started GET "/" for 127.0.0.1 at 2018-01-05 16:57:38 +0200
Processing by VacationsController#index as HTML
  Rendering vacations/index.html.erb within layouts/application
  Rendered vacations/index.html.erb within layouts/application (1.2ms)
Completed 200 OK in 138ms (Views: 136.6ms | ActiveRecord: 0.0ms)


Started GET "/" for 127.0.0.1 at 2018-01-05 16:58:08 +0200
Processing by VacationsController#index as HTML
  Rendering vacations/index.html.erb within layouts/application
  Rendered vacations/index.html.erb within layouts/application (1.2ms)
Completed 200 OK in 139ms (Views: 137.8ms | ActiveRecord: 0.0ms)


Started GET "/" for 127.0.0.1 at 2018-01-05 16:59:37 +0200
Processing by VacationsController#index as HTML
  Rendering vacations/index.html.erb within layouts/application
  Rendered vacations/index.html.erb within layouts/application (1.2ms)
Completed 200 OK in 173ms (Views: 171.4ms | ActiveRecord: 0.0ms)


Started GET "/" for 127.0.0.1 at 2018-01-05 17:12:03 +0200
Processing by VacationsController#index as HTML
  Rendering vacations/index.html.erb within layouts/application
  Rendered vacations/index.html.erb within layouts/application (2.2ms)
Completed 200 OK in 519ms (Views: 517.6ms | ActiveRecord: 0.0ms)


Started GET "/" for 127.0.0.1 at 2018-01-05 17:12:27 +0200
Processing by VacationsController#index as HTML
  Rendering vacations/index.html.erb within layouts/application
  Rendered vacations/index.html.erb within layouts/application (1.2ms)
Completed 200 OK in 132ms (Views: 130.7ms | ActiveRecord: 0.0ms)


Started GET "/" for 127.0.0.1 at 2018-01-05 17:12:49 +0200
Processing by VacationsController#index as HTML
  Rendering vacations/index.html.erb within layouts/application
  Rendered vacations/index.html.erb within layouts/application (1.1ms)
Completed 200 OK in 54ms (Views: 52.5ms | ActiveRecord: 0.0ms)


Started GET "/" for 127.0.0.1 at 2018-01-05 17:12:59 +0200
Processing by VacationsController#index as HTML
  Rendering vacations/index.html.erb within layouts/application
  Rendered vacations/index.html.erb within layouts/application (1.2ms)
Completed 200 OK in 55ms (Views: 54.1ms | ActiveRecord: 0.0ms)


Started GET "/" for 127.0.0.1 at 2018-01-05 17:13:46 +0200
Processing by VacationsController#index as HTML
  Rendering vacations/index.html.erb within layouts/application
  Rendered vacations/index.html.erb within layouts/application (1.5ms)
Completed 200 OK in 158ms (Views: 157.2ms | ActiveRecord: 0.0ms)


Started GET "/" for 127.0.0.1 at 2018-01-05 17:14:27 +0200
Processing by VacationsController#index as HTML
  Rendering vacations/index.html.erb within layouts/application
  Rendered vacations/index.html.erb within layouts/application (1.1ms)
Completed 200 OK in 51ms (Views: 50.0ms | ActiveRecord: 0.0ms)


Started GET "/" for 127.0.0.1 at 2018-01-05 18:20:06 +0200
Processing by VacationsController#index as HTML
  Rendering vacations/index.html.erb within layouts/application
  Rendered vacations/index.html.erb within layouts/application (18.1ms)
Completed 200 OK in 775ms (Views: 691.8ms | ActiveRecord: 0.0ms)


Started GET "/" for 127.0.0.1 at 2018-01-05 18:20:41 +0200
Processing by VacationsController#index as HTML
  Rendering vacations/index.html.erb within layouts/application
  Rendered vacations/index.html.erb within layouts/application (1.0ms)
Completed 200 OK in 286ms (Views: 284.8ms | ActiveRecord: 0.0ms)


Started GET "/" for 127.0.0.1 at 2018-01-05 18:21:23 +0200
Processing by VacationsController#index as HTML
  Rendering vacations/index.html.erb within layouts/application
  Rendered vacations/index.html.erb within layouts/application (1.1ms)
Completed 200 OK in 55ms (Views: 54.0ms | ActiveRecord: 0.0ms)


Started GET "/" for 127.0.0.1 at 2018-01-05 18:21:50 +0200
Processing by VacationsController#index as HTML
  Rendering vacations/index.html.erb within layouts/application
  Rendered vacations/index.html.erb within layouts/application (1.1ms)
Completed 200 OK in 155ms (Views: 153.7ms | ActiveRecord: 0.0ms)


Started GET "/" for 127.0.0.1 at 2018-01-05 18:22:46 +0200
Processing by VacationsController#index as HTML
  Rendering vacations/index.html.erb within layouts/application
  Rendered vacations/index.html.erb within layouts/application (2.1ms)
Completed 200 OK in 244ms (Views: 242.7ms | ActiveRecord: 0.0ms)


Started GET "/" for 127.0.0.1 at 2018-01-05 18:25:40 +0200
Processing by VacationsController#index as HTML
  Rendering vacations/index.html.erb within layouts/application
  Rendered vacations/index.html.erb within layouts/application (1.2ms)
Completed 200 OK in 96ms (Views: 94.4ms | ActiveRecord: 0.0ms)


Started GET "/" for 127.0.0.1 at 2018-01-05 18:29:51 +0200
Processing by VacationsController#index as HTML
  Rendering vacations/index.html.erb within layouts/application
  Rendered vacations/index.html.erb within layouts/application (1.1ms)
Completed 200 OK in 133ms (Views: 132.1ms | ActiveRecord: 0.0ms)


Started GET "/" for 127.0.0.1 at 2018-01-05 18:31:19 +0200
Processing by VacationsController#index as HTML
  Rendering vacations/index.html.erb within layouts/application
  Rendered vacations/index.html.erb within layouts/application (1.0ms)
Completed 200 OK in 121ms (Views: 119.6ms | ActiveRecord: 0.0ms)


Started GET "/" for 127.0.0.1 at 2018-01-05 18:31:43 +0200
Processing by VacationsController#index as HTML
  Rendering vacations/index.html.erb within layouts/application
  Rendered vacations/index.html.erb within layouts/application (1.2ms)
Completed 200 OK in 142ms (Views: 140.6ms | ActiveRecord: 0.0ms)


Started GET "/" for 127.0.0.1 at 2018-01-05 18:32:57 +0200
Processing by VacationsController#index as HTML
  Rendering vacations/index.html.erb within layouts/application
  Rendered vacations/index.html.erb within layouts/application (1.1ms)
Completed 200 OK in 55ms (Views: 53.5ms | ActiveRecord: 0.0ms)


Started GET "/" for 127.0.0.1 at 2018-01-05 18:33:23 +0200
Processing by VacationsController#index as HTML
  Rendering vacations/index.html.erb within layouts/application
  Rendered vacations/index.html.erb within layouts/application (1.1ms)
Completed 200 OK in 64ms (Views: 62.8ms | ActiveRecord: 0.0ms)


Started GET "/users/sign_in" for 127.0.0.1 at 2018-01-05 18:33:29 +0200
Processing by Devise::SessionsController#new as HTML
  Rendering devise/sessions/new.html.erb within layouts/application
  Rendered devise/shared/_links.html.erb (17.8ms)
  Rendered devise/sessions/new.html.erb within layouts/application (111.7ms)
Completed 200 OK in 196ms (Views: 194.6ms | ActiveRecord: 0.0ms)


Started GET "/" for 127.0.0.1 at 2018-01-05 18:34:00 +0200
Processing by VacationsController#index as HTML
  Rendering vacations/index.html.erb within layouts/application
  Rendered vacations/index.html.erb within layouts/application (1.1ms)
Completed 200 OK in 54ms (Views: 52.9ms | ActiveRecord: 0.0ms)


Started GET "/" for 127.0.0.1 at 2018-01-05 18:37:34 +0200
Processing by VacationsController#index as HTML
  Rendering vacations/index.html.erb within layouts/application
  Rendered vacations/index.html.erb within layouts/application (26.2ms)
Completed 200 OK in 91ms (Views: 90.0ms | ActiveRecord: 0.0ms)


Started GET "/users/sign_in" for 127.0.0.1 at 2018-01-05 18:37:44 +0200
Processing by Devise::SessionsController#new as HTML
  Rendering devise/sessions/new.html.erb within layouts/application
  Rendered devise/shared/_links.html.erb (1.3ms)
  Rendered devise/sessions/new.html.erb within layouts/application (4.8ms)
Completed 200 OK in 87ms (Views: 85.3ms | ActiveRecord: 0.0ms)


Started GET "/users/sign_in" for 127.0.0.1 at 2018-01-05 18:37:47 +0200
Processing by Devise::SessionsController#new as HTML
  Rendering devise/sessions/new.html.erb within layouts/application
  Rendered devise/shared/_links.html.erb (1.7ms)
  Rendered devise/sessions/new.html.erb within layouts/application (10.6ms)
Completed 200 OK in 80ms (Views: 78.6ms | ActiveRecord: 0.0ms)


Started GET "/" for 127.0.0.1 at 2018-01-05 18:38:02 +0200
Processing by VacationsController#index as HTML
  Rendering vacations/index.html.erb within layouts/application
  Rendered vacations/index.html.erb within layouts/application (9.4ms)
Completed 200 OK in 58ms (Views: 56.5ms | ActiveRecord: 0.0ms)


Started GET "/" for 127.0.0.1 at 2018-01-05 18:39:51 +0200
Processing by VacationsController#index as HTML
  Rendering vacations/index.html.erb within layouts/application
  Rendered vacations/index.html.erb within layouts/application (1.3ms)
Completed 200 OK in 68ms (Views: 66.9ms | ActiveRecord: 0.0ms)


Started GET "/users/sign_in" for 127.0.0.1 at 2018-01-05 18:39:53 +0200
Processing by Devise::SessionsController#new as HTML
  Rendering devise/sessions/new.html.erb within layouts/application
  Rendered devise/shared/_links.html.erb (3.2ms)
  Rendered devise/sessions/new.html.erb within layouts/application (8.3ms)
Completed 200 OK in 85ms (Views: 83.8ms | ActiveRecord: 0.0ms)


Started GET "/" for 127.0.0.1 at 2018-01-05 18:40:48 +0200
Processing by VacationsController#index as HTML
  Rendering vacations/index.html.erb within layouts/application
  Rendered vacations/index.html.erb within layouts/application (1.0ms)
Completed 200 OK in 62ms (Views: 60.7ms | ActiveRecord: 0.0ms)


Started GET "/users/sign_in" for 127.0.0.1 at 2018-01-05 18:40:51 +0200
Processing by Devise::SessionsController#new as HTML
  Rendering devise/sessions/new.html.erb within layouts/application
  Rendered devise/shared/_links.html.erb (1.3ms)
  Rendered devise/sessions/new.html.erb within layouts/application (8.0ms)
Completed 200 OK in 82ms (Views: 80.9ms | ActiveRecord: 0.0ms)


Started POST "/users/sign_in" for 127.0.0.1 at 2018-01-05 18:40:53 +0200
Processing by Devise::SessionsController#create as HTML
  Parameters: {"utf8"=>"✓", "authenticity_token"=>"Vd/Yx6sBHAEe5KMi/E606GbTGUXOuXkUX5JuQRkK7XQfw4E69p9yTM+maLNggrZxBGGd7KCCz6jme6BatK/SgA==", "user"=>{"email"=>"liwermon@gmail.com", "password"=>"[FILTERED]", "remember_me"=>"0"}, "commit"=>"Log in"}
  [1m[36mUser Load (201.4ms)[0m  [1m[34mSELECT  "users".* FROM "users" WHERE "users"."email" = ? ORDER BY "users"."id" ASC LIMIT ?[0m  [["email", "liwermon@gmail.com"], ["LIMIT", 1]]
  [1m[35m (0.1ms)[0m  [1m[36mbegin transaction[0m
  [1m[35mSQL (13.4ms)[0m  [1m[33mUPDATE "users" SET "current_sign_in_at" = ?, "sign_in_count" = ?, "updated_at" = ? WHERE "users"."id" = ?[0m  [["current_sign_in_at", "2018-01-05 16:40:53.740087"], ["sign_in_count", 2], ["updated_at", "2018-01-05 16:40:53.741328"], ["id", 1]]
  [1m[35m (97.0ms)[0m  [1m[36mcommit transaction[0m
Redirected to http://localhost:3000/
Completed 302 Found in 643ms (ActiveRecord: 312.0ms)


Started GET "/" for 127.0.0.1 at 2018-01-05 18:40:53 +0200
Processing by VacationsController#index as HTML
  Rendering vacations/index.html.erb within layouts/application
  [1m[36mUser Load (0.3ms)[0m  [1m[34mSELECT  "users".* FROM "users" WHERE "users"."id" = ? ORDER BY "users"."id" ASC LIMIT ?[0m  [["id", 1], ["LIMIT", 1]]
  Rendered vacations/index.html.erb within layouts/application (2.5ms)
Completed 200 OK in 60ms (Views: 58.2ms | ActiveRecord: 0.3ms)


Started GET "/" for 127.0.0.1 at 2018-01-05 18:41:08 +0200
Processing by VacationsController#index as HTML
  Rendering vacations/index.html.erb within layouts/application
  [1m[36mUser Load (1.3ms)[0m  [1m[34mSELECT  "users".* FROM "users" WHERE "users"."id" = ? ORDER BY "users"."id" ASC LIMIT ?[0m  [["id", 1], ["LIMIT", 1]]
  Rendered vacations/index.html.erb within layouts/application (3.7ms)
Completed 200 OK in 51ms (Views: 48.6ms | ActiveRecord: 1.3ms)


Started GET "/" for 127.0.0.1 at 2018-01-05 18:41:50 +0200
Processing by VacationsController#index as HTML
  Rendering vacations/index.html.erb within layouts/application
  [1m[36mUser Load (0.3ms)[0m  [1m[34mSELECT  "users".* FROM "users" WHERE "users"."id" = ? ORDER BY "users"."id" ASC LIMIT ?[0m  [["id", 1], ["LIMIT", 1]]
  Rendered vacations/index.html.erb within layouts/application (2.8ms)
Completed 200 OK in 57ms (Views: 56.0ms | ActiveRecord: 0.3ms)


Started GET "/" for 127.0.0.1 at 2018-01-05 18:43:23 +0200
Processing by VacationsController#index as HTML
  Rendering vacations/index.html.erb within layouts/application
  [1m[36mUser Load (0.3ms)[0m  [1m[34mSELECT  "users".* FROM "users" WHERE "users"."id" = ? ORDER BY "users"."id" ASC LIMIT ?[0m  [["id", 1], ["LIMIT", 1]]
  Rendered vacations/index.html.erb within layouts/application (3.1ms)
Completed 200 OK in 67ms (Views: 65.7ms | ActiveRecord: 0.3ms)


Started GET "/" for 127.0.0.1 at 2018-01-05 18:43:50 +0200
Processing by VacationsController#index as HTML
  Rendering vacations/index.html.erb within layouts/application
  [1m[36mUser Load (0.3ms)[0m  [1m[34mSELECT  "users".* FROM "users" WHERE "users"."id" = ? ORDER BY "users"."id" ASC LIMIT ?[0m  [["id", 1], ["LIMIT", 1]]
  Rendered vacations/index.html.erb within layouts/application (2.8ms)
Completed 200 OK in 99ms (Views: 97.3ms | ActiveRecord: 0.3ms)


Started GET "/" for 127.0.0.1 at 2018-01-05 18:45:06 +0200
Processing by VacationsController#index as HTML
  Rendering vacations/index.html.erb within layouts/application
  [1m[36mUser Load (0.3ms)[0m  [1m[34mSELECT  "users".* FROM "users" WHERE "users"."id" = ? ORDER BY "users"."id" ASC LIMIT ?[0m  [["id", 1], ["LIMIT", 1]]
  Rendered vacations/index.html.erb within layouts/application (4.2ms)
Completed 200 OK in 60ms (Views: 58.9ms | ActiveRecord: 0.3ms)


Started GET "/" for 127.0.0.1 at 2018-01-05 18:45:13 +0200
Processing by VacationsController#index as HTML
  Rendering vacations/index.html.erb within layouts/application
  [1m[36mUser Load (0.3ms)[0m  [1m[34mSELECT  "users".* FROM "users" WHERE "users"."id" = ? ORDER BY "users"."id" ASC LIMIT ?[0m  [["id", 1], ["LIMIT", 1]]
  Rendered vacations/index.html.erb within layouts/application (3.3ms)
Completed 200 OK in 58ms (Views: 56.8ms | ActiveRecord: 0.3ms)


  [1m[35m (0.2ms)[0m  [1m[34mSELECT "schema_migrations"."version" FROM "schema_migrations" ORDER BY "schema_migrations"."version" ASC[0m
  [1m[35m (0.1ms)[0m  [1m[36mbegin transaction[0m
  [1m[36mUser Exists (0.3ms)[0m  [1m[34mSELECT  1 AS one FROM "users" WHERE "users"."email" = ? LIMIT ?[0m  [["email", "one@test.com"], ["LIMIT", 1]]
  [1m[35mSQL (0.3ms)[0m  [1m[32mINSERT INTO "users" ("email", "encrypted_password", "created_at", "updated_at") VALUES (?, ?, ?, ?)[0m  [["email", "one@test.com"], ["encrypted_password", "$2a$11$r4pk6ptBZKzIpAdho5Vuc.kHteYCOqjBsOT6G2ArKYPRYgSqskEje"], ["created_at", "2018-01-05 17:19:17.444821"], ["updated_at", "2018-01-05 17:19:17.444821"]]
  [1m[35m (78.7ms)[0m  [1m[36mcommit transaction[0m
  [1m[35m (0.1ms)[0m  [1m[36mbegin transaction[0m
  [1m[36mUser Exists (0.2ms)[0m  [1m[34mSELECT  1 AS one FROM "users" WHERE "users"."email" = ? LIMIT ?[0m  [["email", "two@test.com"], ["LIMIT", 1]]
  [1m[35mSQL (0.3ms)[0m  [1m[32mINSERT INTO "users" ("email", "encrypted_password", "created_at", "updated_at") VALUES (?, ?, ?, ?)[0m  [["email", "two@test.com"], ["encrypted_password", "$2a$11$j7WcGkze2fkCAk72nkSXB.ZnfwsJ9DRbBjzk3CG.KEDRtDAzKB8Oi"], ["created_at", "2018-01-05 17:19:17.698532"], ["updated_at", "2018-01-05 17:19:17.698532"]]
  [1m[35m (95.3ms)[0m  [1m[36mcommit transaction[0m
  [1m[35m (0.1ms)[0m  [1m[36mbegin transaction[0m
  [1m[36mUser Exists (0.2ms)[0m  [1m[34mSELECT  1 AS one FROM "users" WHERE "users"."email" = ? LIMIT ?[0m  [["email", "three@test.com"], ["LIMIT", 1]]
  [1m[35mSQL (0.3ms)[0m  [1m[32mINSERT INTO "users" ("email", "encrypted_password", "created_at", "updated_at") VALUES (?, ?, ?, ?)[0m  [["email", "three@test.com"], ["encrypted_password", "$2a$11$mJiVWqRZ93lJPTdqzppcoO54wToBYOBkOCjXp/mjd/4ZPNkGMK8Gy"], ["created_at", "2018-01-05 17:19:17.960433"], ["updated_at", "2018-01-05 17:19:17.960433"]]
  [1m[35m (88.2ms)[0m  [1m[36mcommit transaction[0m
  [1m[35m (0.2ms)[0m  [1m[34mSELECT "schema_migrations"."version" FROM "schema_migrations" ORDER BY "schema_migrations"."version" ASC[0m
  [1m[35m (0.1ms)[0m  [1m[36mbegin transaction[0m
  [1m[36mUser Exists (0.3ms)[0m  [1m[34mSELECT  1 AS one FROM "users" WHERE "users"."email" = ? LIMIT ?[0m  [["email", "one@test.com"], ["LIMIT", 1]]
  [1m[35m (0.1ms)[0m  [1m[31mrollback transaction[0m
  [1m[35m (0.1ms)[0m  [1m[36mbegin transaction[0m
  [1m[36mUser Exists (0.2ms)[0m  [1m[34mSELECT  1 AS one FROM "users" WHERE "users"."email" = ? LIMIT ?[0m  [["email", "two@test.com"], ["LIMIT", 1]]
  [1m[35m (0.1ms)[0m  [1m[31mrollback transaction[0m
  [1m[35m (0.1ms)[0m  [1m[36mbegin transaction[0m
  [1m[36mUser Exists (0.2ms)[0m  [1m[34mSELECT  1 AS one FROM "users" WHERE "users"."email" = ? LIMIT ?[0m  [["email", "three@test.com"], ["LIMIT", 1]]
  [1m[35m (0.1ms)[0m  [1m[31mrollback transaction[0m
  [1m[35m (0.2ms)[0m  [1m[34mSELECT "schema_migrations"."version" FROM "schema_migrations" ORDER BY "schema_migrations"."version" ASC[0m
  [1m[35m (0.1ms)[0m  [1m[36mbegin transaction[0m
  [1m[36mUser Exists (0.2ms)[0m  [1m[34mSELECT  1 AS one FROM "users" WHERE "users"."email" = ? LIMIT ?[0m  [["email", "one@test.com"], ["LIMIT", 1]]
  [1m[35m (0.1ms)[0m  [1m[31mrollback transaction[0m
  [1m[35m (0.1ms)[0m  [1m[36mbegin transaction[0m
  [1m[36mUser Exists (0.2ms)[0m  [1m[34mSELECT  1 AS one FROM "users" WHERE "users"."email" = ? LIMIT ?[0m  [["email", "two@test.com"], ["LIMIT", 1]]
  [1m[35m (0.1ms)[0m  [1m[31mrollback transaction[0m
  [1m[35m (0.1ms)[0m  [1m[36mbegin transaction[0m
  [1m[36mUser Exists (0.2ms)[0m  [1m[34mSELECT  1 AS one FROM "users" WHERE "users"."email" = ? LIMIT ?[0m  [["email", "three@test.com"], ["LIMIT", 1]]
  [1m[35m (0.1ms)[0m  [1m[31mrollback transaction[0m
  [1m[35m (0.2ms)[0m  [1m[34mSELECT "schema_migrations"."version" FROM "schema_migrations" ORDER BY "schema_migrations"."version" ASC[0m
  [1m[35m (0.1ms)[0m  [1m[36mbegin transaction[0m
  [1m[36mUser Exists (0.3ms)[0m  [1m[34mSELECT  1 AS one FROM "users" WHERE "users"."email" = ? LIMIT ?[0m  [["email", "one@test.com"], ["LIMIT", 1]]
  [1m[35m (0.1ms)[0m  [1m[31mrollback transaction[0m
  [1m[35m (0.1ms)[0m  [1m[36mbegin transaction[0m
  [1m[36mUser Exists (0.2ms)[0m  [1m[34mSELECT  1 AS one FROM "users" WHERE "users"."email" = ? LIMIT ?[0m  [["email", "two@test.com"], ["LIMIT", 1]]
  [1m[35m (0.1ms)[0m  [1m[31mrollback transaction[0m
  [1m[35m (0.1ms)[0m  [1m[36mbegin transaction[0m
  [1m[36mUser Exists (0.2ms)[0m  [1m[34mSELECT  1 AS one FROM "users" WHERE "users"."email" = ? LIMIT ?[0m  [["email", "three@test.com"], ["LIMIT", 1]]
  [1m[35m (0.1ms)[0m  [1m[31mrollback transaction[0m
  [1m[35m (0.2ms)[0m  [1m[34mSELECT "schema_migrations"."version" FROM "schema_migrations" ORDER BY "schema_migrations"."version" ASC[0m
  [1m[35m (0.1ms)[0m  [1m[36mbegin transaction[0m
  [1m[36mUser Exists (0.2ms)[0m  [1m[34mSELECT  1 AS one FROM "users" WHERE "users"."email" = ? LIMIT ?[0m  [["email", "one@test.com"], ["LIMIT", 1]]
  [1m[35m (0.1ms)[0m  [1m[31mrollback transaction[0m
  [1m[35m (0.1ms)[0m  [1m[36mbegin transaction[0m
  [1m[36mUser Exists (0.2ms)[0m  [1m[34mSELECT  1 AS one FROM "users" WHERE "users"."email" = ? LIMIT ?[0m  [["email", "two@test.com"], ["LIMIT", 1]]
  [1m[35m (0.1ms)[0m  [1m[31mrollback transaction[0m
  [1m[35m (0.1ms)[0m  [1m[36mbegin transaction[0m
  [1m[36mUser Exists (0.2ms)[0m  [1m[34mSELECT  1 AS one FROM "users" WHERE "users"."email" = ? LIMIT ?[0m  [["email", "three@test.com"], ["LIMIT", 1]]
  [1m[35m (0.1ms)[0m  [1m[31mrollback transaction[0m
  [1m[35m (0.2ms)[0m  [1m[34mSELECT "schema_migrations"."version" FROM "schema_migrations" ORDER BY "schema_migrations"."version" ASC[0m
  [1m[35m (0.1ms)[0m  [1m[36mbegin transaction[0m
  [1m[36mUser Exists (0.2ms)[0m  [1m[34mSELECT  1 AS one FROM "users" WHERE "users"."email" = ? LIMIT ?[0m  [["email", "one@test.com"], ["LIMIT", 1]]
  [1m[35m (0.1ms)[0m  [1m[31mrollback transaction[0m
  [1m[35m (0.1ms)[0m  [1m[36mbegin transaction[0m
  [1m[36mUser Exists (0.2ms)[0m  [1m[34mSELECT  1 AS one FROM "users" WHERE "users"."email" = ? LIMIT ?[0m  [["email", "two@test.com"], ["LIMIT", 1]]
  [1m[35m (0.1ms)[0m  [1m[31mrollback transaction[0m
  [1m[35m (0.1ms)[0m  [1m[36mbegin transaction[0m
  [1m[36mUser Exists (0.2ms)[0m  [1m[34mSELECT  1 AS one FROM "users" WHERE "users"."email" = ? LIMIT ?[0m  [["email", "three@test.com"], ["LIMIT", 1]]
  [1m[35m (0.1ms)[0m  [1m[31mrollback transaction[0m
  [1m[35m (0.2ms)[0m  [1m[34mSELECT "schema_migrations"."version" FROM "schema_migrations" ORDER BY "schema_migrations"."version" ASC[0m
  [1m[35m (0.1ms)[0m  [1m[36mbegin transaction[0m
  [1m[36mUser Exists (0.2ms)[0m  [1m[34mSELECT  1 AS one FROM "users" WHERE "users"."email" = ? LIMIT ?[0m  [["email", "one@test.com"], ["LIMIT", 1]]
  [1m[35m (0.1ms)[0m  [1m[31mrollback transaction[0m
  [1m[35m (0.1ms)[0m  [1m[36mbegin transaction[0m
  [1m[36mUser Exists (0.2ms)[0m  [1m[34mSELECT  1 AS one FROM "users" WHERE "users"."email" = ? LIMIT ?[0m  [["email", "two@test.com"], ["LIMIT", 1]]
  [1m[35m (0.1ms)[0m  [1m[31mrollback transaction[0m
  [1m[35m (0.1ms)[0m  [1m[36mbegin transaction[0m
  [1m[36mUser Exists (0.2ms)[0m  [1m[34mSELECT  1 AS one FROM "users" WHERE "users"."email" = ? LIMIT ?[0m  [["email", "three@test.com"], ["LIMIT", 1]]
  [1m[35m (0.1ms)[0m  [1m[31mrollback transaction[0m
  [1m[35m (0.2ms)[0m  [1m[34mSELECT "schema_migrations"."version" FROM "schema_migrations" ORDER BY "schema_migrations"."version" ASC[0m
  [1m[35m (0.2ms)[0m  [1m[36mbegin transaction[0m
  [1m[36mUser Exists (0.2ms)[0m  [1m[34mSELECT  1 AS one FROM "users" WHERE "users"."email" = ? LIMIT ?[0m  [["email", "one@test.com"], ["LIMIT", 1]]
  [1m[35m (0.1ms)[0m  [1m[31mrollback transaction[0m
  [1m[35m (0.1ms)[0m  [1m[36mbegin transaction[0m
  [1m[36mUser Exists (0.2ms)[0m  [1m[34mSELECT  1 AS one FROM "users" WHERE "users"."email" = ? LIMIT ?[0m  [["email", "two@test.com"], ["LIMIT", 1]]
  [1m[35m (0.1ms)[0m  [1m[31mrollback transaction[0m
  [1m[35m (0.1ms)[0m  [1m[36mbegin transaction[0m
  [1m[36mUser Exists (0.2ms)[0m  [1m[34mSELECT  1 AS one FROM "users" WHERE "users"."email" = ? LIMIT ?[0m  [["email", "three@test.com"], ["LIMIT", 1]]
  [1m[35m (0.1ms)[0m  [1m[31mrollback transaction[0m
Started GET "/" for 127.0.0.1 at 2018-01-05 19:39:00 +0200
  [1m[35m (0.1ms)[0m  [1m[34mSELECT "schema_migrations"."version" FROM "schema_migrations" ORDER BY "schema_migrations"."version" ASC[0m
Processing by VacationsController#index as HTML
  Rendering vacations/index.html.erb within layouts/application
  [1m[36mUser Load (0.3ms)[0m  [1m[34mSELECT  "users".* FROM "users" WHERE "users"."id" = ? ORDER BY "users"."id" ASC LIMIT ?[0m  [["id", 1], ["LIMIT", 1]]
  Rendered vacations/index.html.erb within layouts/application (53.0ms)
Completed 401 Unauthorized in 1025ms (ActiveRecord: 1.2ms)


  
LoadError (cannot load such file -- sass):
  
app/views/layouts/application.html.erb:7:in `_app_views_layouts_application_html_erb___3545884148715940693_24935860'
Started GET "/" for 127.0.0.1 at 2018-01-05 19:42:13 +0200
  [1m[35m (0.2ms)[0m  [1m[34mSELECT "schema_migrations"."version" FROM "schema_migrations" ORDER BY "schema_migrations"."version" ASC[0m
Processing by VacationsController#index as HTML
  Rendering vacations/index.html.erb within layouts/application
  [1m[36mUser Load (0.3ms)[0m  [1m[34mSELECT  "users".* FROM "users" WHERE "users"."id" = ? ORDER BY "users"."id" ASC LIMIT ?[0m  [["id", 1], ["LIMIT", 1]]
  Rendered vacations/index.html.erb within layouts/application (23.2ms)
Completed 200 OK in 545ms (Views: 535.1ms | ActiveRecord: 1.2ms)


Started DELETE "/users/sign_out" for 127.0.0.1 at 2018-01-05 19:42:16 +0200
Processing by Devise::SessionsController#destroy as HTML
  Parameters: {"authenticity_token"=>"U6KbsWSHj1tRYCvG5StvMFWa7TBTIGrPGMuTF8QZAUsmFZX+O+mrt61UmdjCMMtlGlLz8/UlEwn2Z3LseTQrYw=="}
  [1m[36mUser Load (0.4ms)[0m  [1m[34mSELECT  "users".* FROM "users" WHERE "users"."id" = ? ORDER BY "users"."id" ASC LIMIT ?[0m  [["id", 1], ["LIMIT", 1]]
  [1m[35m (0.1ms)[0m  [1m[36mbegin transaction[0m
  [1m[35m (0.1ms)[0m  [1m[36mcommit transaction[0m
Redirected to http://localhost:3000/
Completed 302 Found in 34ms (ActiveRecord: 0.6ms)


Started GET "/" for 127.0.0.1 at 2018-01-05 19:42:16 +0200
Processing by VacationsController#index as HTML
  Rendering vacations/index.html.erb within layouts/application
  Rendered vacations/index.html.erb within layouts/application (5.2ms)
Completed 200 OK in 50ms (Views: 49.1ms | ActiveRecord: 0.0ms)


Started GET "/users/sign_in" for 127.0.0.1 at 2018-01-05 19:42:18 +0200
Processing by Devise::SessionsController#new as HTML
  Rendering devise/sessions/new.html.erb within layouts/application
  Rendered devise/shared/_links.html.erb (1.5ms)
  Rendered devise/sessions/new.html.erb within layouts/application (273.9ms)
Completed 200 OK in 339ms (Views: 319.0ms | ActiveRecord: 0.0ms)


Started POST "/users/sign_in" for 127.0.0.1 at 2018-01-05 19:42:42 +0200
Processing by Devise::SessionsController#create as HTML
  Parameters: {"utf8"=>"✓", "authenticity_token"=>"5duLriaSg0IoSpIYikRAJx4HmylQPSjVdPhXL7uEh6t2YSJnCCzKZcodL0DPxuQjtBrNgeLRTjGcBsTOf8YEnw==", "user"=>{"email"=>"one@test.com", "password"=>"[FILTERED]", "remember_me"=>"0"}, "commit"=>"Log in"}
  [1m[36mUser Load (0.3ms)[0m  [1m[34mSELECT  "users".* FROM "users" WHERE "users"."email" = ? ORDER BY "users"."id" ASC LIMIT ?[0m  [["email", "one@test.com"], ["LIMIT", 1]]
  [1m[35m (0.1ms)[0m  [1m[36mbegin transaction[0m
  [1m[35mSQL (1.3ms)[0m  [1m[33mUPDATE "users" SET "current_sign_in_at" = ?, "last_sign_in_at" = ?, "current_sign_in_ip" = ?, "last_sign_in_ip" = ?, "sign_in_count" = ?, "updated_at" = ? WHERE "users"."id" = ?[0m  [["current_sign_in_at", "2018-01-05 17:42:42.703573"], ["last_sign_in_at", "2018-01-05 17:42:42.703573"], ["current_sign_in_ip", "127.0.0.1"], ["last_sign_in_ip", "127.0.0.1"], ["sign_in_count", 1], ["updated_at", "2018-01-05 17:42:42.704883"], ["id", 2]]
  [1m[35m (53.5ms)[0m  [1m[36mcommit transaction[0m
Redirected to http://localhost:3000/
Completed 302 Found in 278ms (ActiveRecord: 55.3ms)


Started GET "/" for 127.0.0.1 at 2018-01-05 19:42:42 +0200
Processing by VacationsController#index as HTML
  Rendering vacations/index.html.erb within layouts/application
  [1m[36mUser Load (0.4ms)[0m  [1m[34mSELECT  "users".* FROM "users" WHERE "users"."id" = ? ORDER BY "users"."id" ASC LIMIT ?[0m  [["id", 2], ["LIMIT", 1]]
  Rendered vacations/index.html.erb within layouts/application (2.8ms)
Completed 200 OK in 50ms (Views: 48.8ms | ActiveRecord: 0.4ms)


Started DELETE "/users/sign_out" for 127.0.0.1 at 2018-01-05 19:42:52 +0200
Processing by Devise::SessionsController#destroy as HTML
  Parameters: {"authenticity_token"=>"GKStqfHuQDl6oEgWWA1X9cAU6lOQOFyfPp6/GpIa0NkoLtjp+O1NgTJJogaFQlMMBh25c2I5qYJJqfn74StCmg=="}
  [1m[36mUser Load (0.3ms)[0m  [1m[34mSELECT  "users".* FROM "users" WHERE "users"."id" = ? ORDER BY "users"."id" ASC LIMIT ?[0m  [["id", 2], ["LIMIT", 1]]
  [1m[35m (0.8ms)[0m  [1m[36mbegin transaction[0m
  [1m[35m (0.1ms)[0m  [1m[36mcommit transaction[0m
Redirected to http://localhost:3000/
Completed 302 Found in 9ms (ActiveRecord: 1.2ms)


Started GET "/" for 127.0.0.1 at 2018-01-05 19:42:52 +0200
Processing by VacationsController#index as HTML
  Rendering vacations/index.html.erb within layouts/application
  Rendered vacations/index.html.erb within layouts/application (1.1ms)
Completed 200 OK in 46ms (Views: 44.7ms | ActiveRecord: 0.0ms)


Started GET "/" for 127.0.0.1 at 2018-01-05 19:42:55 +0200
Processing by VacationsController#index as HTML
  Rendering vacations/index.html.erb within layouts/application
  Rendered vacations/index.html.erb within layouts/application (1.2ms)
Completed 200 OK in 73ms (Views: 71.4ms | ActiveRecord: 0.0ms)


Started GET "/" for 127.0.0.1 at 2018-01-05 19:42:56 +0200
Processing by VacationsController#index as HTML
  Rendering vacations/index.html.erb within layouts/application
  Rendered vacations/index.html.erb within layouts/application (1.6ms)
Completed 200 OK in 73ms (Views: 71.3ms | ActiveRecord: 0.0ms)


Started GET "/users/sign_in" for 127.0.0.1 at 2018-01-05 19:43:01 +0200
Processing by Devise::SessionsController#new as HTML
  Rendering devise/sessions/new.html.erb within layouts/application
  Rendered devise/shared/_links.html.erb (3.8ms)
  Rendered devise/sessions/new.html.erb within layouts/application (9.6ms)
Completed 200 OK in 72ms (Views: 70.9ms | ActiveRecord: 0.0ms)


Started POST "/users/sign_in" for 127.0.0.1 at 2018-01-05 19:43:10 +0200
Processing by Devise::SessionsController#create as HTML
  Parameters: {"utf8"=>"✓", "authenticity_token"=>"2pCgQ0fEvWtnynTHueHB0CifWwfFO/fxNQ8HvL9cWOLIV0wvFPfaUDmIla/MuURMOmtsBZGtPyndfec5tcf82Q==", "user"=>{"email"=>"one@tst.com", "password"=>"[FILTERED]", "remember_me"=>"0"}, "commit"=>"Log in"}
  [1m[36mUser Load (0.3ms)[0m  [1m[34mSELECT  "users".* FROM "users" WHERE "users"."email" = ? ORDER BY "users"."id" ASC LIMIT ?[0m  [["email", "one@tst.com"], ["LIMIT", 1]]
Completed 401 Unauthorized in 3ms (ActiveRecord: 0.3ms)


Processing by Devise::SessionsController#new as HTML
  Parameters: {"utf8"=>"✓", "authenticity_token"=>"2pCgQ0fEvWtnynTHueHB0CifWwfFO/fxNQ8HvL9cWOLIV0wvFPfaUDmIla/MuURMOmtsBZGtPyndfec5tcf82Q==", "user"=>{"email"=>"one@tst.com", "password"=>"[FILTERED]", "remember_me"=>"0"}, "commit"=>"Log in"}
  Rendering devise/sessions/new.html.erb within layouts/application
  Rendered devise/shared/_links.html.erb (1.3ms)
  Rendered devise/sessions/new.html.erb within layouts/application (4.8ms)
Completed 200 OK in 265ms (Views: 58.9ms | ActiveRecord: 0.0ms)


Started GET "/users/sign_in" for 127.0.0.1 at 2018-01-05 19:43:13 +0200
Processing by Devise::SessionsController#new as HTML
  Rendering devise/sessions/new.html.erb within layouts/application
  Rendered devise/shared/_links.html.erb (8.3ms)
  Rendered devise/sessions/new.html.erb within layouts/application (11.8ms)
Completed 200 OK in 64ms (Views: 63.0ms | ActiveRecord: 0.0ms)


Started POST "/users/sign_in" for 127.0.0.1 at 2018-01-05 19:51:54 +0200
Processing by Devise::SessionsController#create as HTML
  Parameters: {"utf8"=>"✓", "authenticity_token"=>"4q6CbgZGc0cf5FY3HHGCyNSNA1oIwLHo6KP2WMpInv7HXReqm4enOieipskLNmu3GtOMLa/k2twgTJuN69ey6A==", "user"=>{"email"=>"one@test.com", "password"=>"[FILTERED]", "remember_me"=>"0"}, "commit"=>"Log in"}
  [1m[36mUser Load (0.4ms)[0m  [1m[34mSELECT  "users".* FROM "users" WHERE "users"."email" = ? ORDER BY "users"."id" ASC LIMIT ?[0m  [["email", "one@test.com"], ["LIMIT", 1]]
  [1m[35m (0.1ms)[0m  [1m[36mbegin transaction[0m
  [1m[35mSQL (0.3ms)[0m  [1m[33mUPDATE "users" SET "current_sign_in_at" = ?, "sign_in_count" = ?, "updated_at" = ? WHERE "users"."id" = ?[0m  [["current_sign_in_at", "2018-01-05 17:51:55.111759"], ["sign_in_count", 2], ["updated_at", "2018-01-05 17:51:55.112944"], ["id", 2]]
  [1m[35m (52.9ms)[0m  [1m[36mcommit transaction[0m
Redirected to http://localhost:3000/
Completed 302 Found in 252ms (ActiveRecord: 53.7ms)


Started GET "/" for 127.0.0.1 at 2018-01-05 19:51:55 +0200
Processing by VacationsController#index as HTML
  Rendering vacations/index.html.erb within layouts/application
  [1m[36mUser Load (0.3ms)[0m  [1m[34mSELECT  "users".* FROM "users" WHERE "users"."id" = ? ORDER BY "users"."id" ASC LIMIT ?[0m  [["id", 2], ["LIMIT", 1]]
  Rendered vacations/index.html.erb within layouts/application (2.4ms)
Completed 200 OK in 51ms (Views: 49.4ms | ActiveRecord: 0.3ms)


